[01m[K/home/giang/Desktop/cg_enu_yaw_landing_setpoints/src/offboard/src/offboard_lib.cpp:[m[K In member function ‘[01m[Kvoid OffboardControl::inputENUYawAndLandingSetpoint()[m[K’:
[01m[K/home/giang/Desktop/cg_enu_yaw_landing_setpoints/src/offboard/src/offboard_lib.cpp:197:25:[m[K [01;31m[Kerror: [m[K‘[01m[Ktargets[m[K’ was not declared in this scope; did you mean ‘[01m[Kx_target_[m[K’?
  197 |             std::cin >> [01;31m[Ktargets[m[K[i].pose.position.x >> targets[i].pose.position.y >> targets[i].pose.position.z;
      |                         [01;31m[K^~~~~~~[m[K
      |                         [32m[Kx_target_[m[K
[01m[K/home/giang/Desktop/cg_enu_yaw_landing_setpoints/src/offboard/src/offboard_lib.cpp:[m[K At global scope:
[01m[K/home/giang/Desktop/cg_enu_yaw_landing_setpoints/src/offboard/src/offboard_lib.cpp:640:25:[m[K [01;31m[Kerror: [m[Kdefinition of implicitly-declared ‘[01m[KArrayQueue::~ArrayQueue()[m[K’
  640 | ArrayQueue::~ArrayQueue([01;31m[K)[m[K {
      |                         [01;31m[K^[m[K
[01m[K/home/giang/Desktop/cg_enu_yaw_landing_setpoints/src/offboard/src/offboard_lib.cpp:644:6:[m[K [01;31m[Kerror: [m[Kno declaration matches ‘[01m[Kvoid ArrayQueue::enQueue(geometry_msgs::PoseStamped)[m[K’
  644 | void [01;31m[KArrayQueue[m[K::enQueue(geometry_msgs::PoseStamped x) {
      |      [01;31m[K^~~~~~~~~~[m[K
In file included from [01m[K/home/giang/Desktop/cg_enu_yaw_landing_setpoints/src/offboard/src/offboard_lib.cpp:1[m[K:
[01m[K/home/giang/Desktop/cg_enu_yaw_landing_setpoints/src/offboard/include/offboard/offboard.h:223:10:[m[K [01;36m[Knote: [m[Kcandidate is: ‘[01m[Kvoid ArrayQueue::enQueue(int)[m[K’
  223 |     void [01;36m[KenQueue[m[K(int x);
      |          [01;36m[K^~~~~~~[m[K
[01m[K/home/giang/Desktop/cg_enu_yaw_landing_setpoints/src/offboard/include/offboard/offboard.h:216:7:[m[K [01;36m[Knote: [m[K‘[01m[Kclass ArrayQueue[m[K’ defined here
  216 | class [01;36m[KArrayQueue[m[K {
      |       [01;36m[K^~~~~~~~~~[m[K
[01m[K/home/giang/Desktop/cg_enu_yaw_landing_setpoints/src/offboard/src/offboard_lib.cpp:655:28:[m[K [01;31m[Kerror: [m[Kno declaration matches ‘[01m[Kgeometry_msgs::PoseStamped ArrayQueue::deQueue()[m[K’
  655 | geometry_msgs::PoseStamped [01;31m[KArrayQueue[m[K::deQueue() {
      |                            [01;31m[K^~~~~~~~~~[m[K
In file included from [01m[K/home/giang/Desktop/cg_enu_yaw_landing_setpoints/src/offboard/src/offboard_lib.cpp:1[m[K:
[01m[K/home/giang/Desktop/cg_enu_yaw_landing_setpoints/src/offboard/include/offboard/offboard.h:224:9:[m[K [01;36m[Knote: [m[Kcandidate is: ‘[01m[Kint ArrayQueue::deQueue()[m[K’
  224 |     int [01;36m[KdeQueue[m[K();
      |         [01;36m[K^~~~~~~[m[K
[01m[K/home/giang/Desktop/cg_enu_yaw_landing_setpoints/src/offboard/include/offboard/offboard.h:216:7:[m[K [01;36m[Knote: [m[K‘[01m[Kclass ArrayQueue[m[K’ defined here
  216 | class [01;36m[KArrayQueue[m[K {
      |       [01;36m[K^~~~~~~~~~[m[K
[01m[K/home/giang/Desktop/cg_enu_yaw_landing_setpoints/src/offboard/src/offboard_lib.cpp:[m[K In member function ‘[01m[Kvoid ArrayQueue::printQueue()[m[K’:
[01m[K/home/giang/Desktop/cg_enu_yaw_landing_setpoints/src/offboard/src/offboard_lib.cpp:672:79:[m[K [01;31m[Kerror: [m[Krequest for member ‘[01m[Kpose[m[K’ in ‘[01m[K*(((ArrayQueue*)this)->ArrayQueue::qArr + ((sizetype)(((long unsigned int)((ArrayQueue*)this)->ArrayQueue::front) * 4)))[m[K’, which is of non-class type ‘[01m[Kint[m[K’
  672 |         std::cout << "The front element = the rear element = " << qArr[front].[01;31m[Kpose[m[K.position.x << std::endl;
      |                                                                               [01;31m[K^~~~[m[K
[01m[K/home/giang/Desktop/cg_enu_yaw_landing_setpoints/src/offboard/src/offboard_lib.cpp:676:53:[m[K [01;31m[Kerror: [m[Krequest for member ‘[01m[Kpose[m[K’ in ‘[01m[K*(((ArrayQueue*)this)->ArrayQueue::qArr + ((sizetype)(((long unsigned int)i) * 4)))[m[K’, which is of non-class type ‘[01m[Kint[m[K’
  676 |         std::cout << "Obj["<< i << "] =" << qArr[i].[01;31m[Kpose[m[K.position.x << std::endl;
      |                                                     [01;31m[K^~~~[m[K
[01m[K/home/giang/Desktop/cg_enu_yaw_landing_setpoints/src/offboard/src/offboard_lib.cpp:[m[K In member function ‘[01m[Kbool ArrayQueue::isEmpty()[m[K’:
[01m[K/home/giang/Desktop/cg_enu_yaw_landing_setpoints/src/offboard/src/offboard_lib.cpp:697:23:[m[K [01;31m[Kerror: [m[K‘[01m[KposeCompare[m[K’ was not declared in this scope
  697 |     if(front==rear && [01;31m[KposeCompare[m[K(qArr[front], null)) {
      |                       [01;31m[K^~~~~~~~~~~[m[K
[01m[K/home/giang/Desktop/cg_enu_yaw_landing_setpoints/src/offboard/src/offboard_lib.cpp:[m[K At global scope:
[01m[K/home/giang/Desktop/cg_enu_yaw_landing_setpoints/src/offboard/src/offboard_lib.cpp:707:6:[m[K [01;31m[Kerror: [m[Kno declaration matches ‘[01m[Kbool ArrayQueue::poseCompare(geometry_msgs::PoseStamped, geometry_msgs::PoseStamped)[m[K’
  707 | bool [01;31m[KArrayQueue[m[K::poseCompare(geometry_msgs::PoseStamped x, geometry_msgs::PoseStamped y) {
      |      [01;31m[K^~~~~~~~~~[m[K
[01m[K/home/giang/Desktop/cg_enu_yaw_landing_setpoints/src/offboard/src/offboard_lib.cpp:707:6:[m[K [01;36m[Knote: [m[Kno functions named ‘[01m[Kbool ArrayQueue::poseCompare(geometry_msgs::PoseStamped, geometry_msgs::PoseStamped)[m[K’
In file included from [01m[K/home/giang/Desktop/cg_enu_yaw_landing_setpoints/src/offboard/src/offboard_lib.cpp:1[m[K:
[01m[K/home/giang/Desktop/cg_enu_yaw_landing_setpoints/src/offboard/include/offboard/offboard.h:216:7:[m[K [01;36m[Knote: [m[K‘[01m[Kclass ArrayQueue[m[K’ defined here
  216 | class [01;36m[KArrayQueue[m[K {
      |       [01;36m[K^~~~~~~~~~[m[K
[01m[K/home/giang/Desktop/cg_enu_yaw_landing_setpoints/src/offboard/src/offboard_lib.cpp:[m[K In member function ‘[01m[Kbool ArrayQueue::isEmpty()[m[K’:
[01m[K/home/giang/Desktop/cg_enu_yaw_landing_setpoints/src/offboard/src/offboard_lib.cpp:705:1:[m[K [01;35m[Kwarning: [m[Kcontrol reaches end of non-void function [[01;35m[K-Wreturn-type[m[K]
  705 | [01;35m[K}[m[K
      | [01;35m[K^[m[K
make[2]: *** [CMakeFiles/offboard_lib.dir/build.make:63: CMakeFiles/offboard_lib.dir/src/offboard_lib.cpp.o] Error 1
make[1]: *** [CMakeFiles/Makefile2:461: CMakeFiles/offboard_lib.dir/all] Error 2
make: *** [Makefile:141: all] Error 2
