[35m[1mScanning dependencies of target std_msgs_generate_messages_cpp[0m
[35m[1mScanning dependencies of target setmode_offb[0m
[35m[1mScanning dependencies of target offboard_lib[0m
[35m[1mScanning dependencies of target geometry_msgs_generate_messages_py[0m
[35m[1mScanning dependencies of target std_msgs_generate_messages_py[0m
[35m[1mScanning dependencies of target geometry_msgs_generate_messages_nodejs[0m
[35m[1mScanning dependencies of target geometry_msgs_generate_messages_cpp[0m
[35m[1mScanning dependencies of target std_msgs_generate_messages_nodejs[0m
[  0%] Built target geometry_msgs_generate_messages_py
[  0%] Built target geometry_msgs_generate_messages_nodejs
[  0%] Built target std_msgs_generate_messages_cpp
[  0%] Built target std_msgs_generate_messages_py
[  0%] Built target geometry_msgs_generate_messages_cpp
[  0%] Built target std_msgs_generate_messages_nodejs
[ 14%] [32mBuilding CXX object CMakeFiles/setmode_offb.dir/src/setmode_offb.cpp.o[0m
[35m[1mScanning dependencies of target std_msgs_generate_messages_lisp[0m
[35m[1mScanning dependencies of target geometry_msgs_generate_messages_lisp[0m
[35m[1mScanning dependencies of target std_msgs_generate_messages_eus[0m
[35m[1mScanning dependencies of target geometry_msgs_generate_messages_eus[0m
[35m[1mScanning dependencies of target offboard_generate_messages_cpp[0m
[35m[1mScanning dependencies of target offboard_generate_messages_py[0m
[ 28%] [32mBuilding CXX object CMakeFiles/offboard_lib.dir/src/offboard_lib.cpp.o[0m
[ 28%] Built target std_msgs_generate_messages_eus
[ 28%] Built target geometry_msgs_generate_messages_lisp
[ 28%] Built target std_msgs_generate_messages_lisp
[ 28%] Built target geometry_msgs_generate_messages_eus
[ 28%] Built target offboard_generate_messages_py
[ 28%] Built target offboard_generate_messages_cpp
[35m[1mScanning dependencies of target offboard_generate_messages_eus[0m
[35m[1mScanning dependencies of target offboard_generate_messages_lisp[0m
[35m[1mScanning dependencies of target offboard_generate_messages_nodejs[0m
[ 28%] Built target offboard_generate_messages_lisp
[ 42%] [34m[1mGenerating EusLisp manifest code for offboard[0m
[ 42%] Built target offboard_generate_messages_nodejs
[ 42%] Built target offboard_generate_messages_eus
[35m[1mScanning dependencies of target offboard_generate_messages[0m
[ 42%] Built target offboard_generate_messages
[ 57%] [32m[1mLinking CXX executable /home/giang/Desktop/cg_enu_yaw_landing_setpoints/devel/.private/offboard/lib/offboard/setmode_offb[0m
[ 57%] Built target setmode_offb
[ 71%] [32m[1mLinking CXX shared library /home/giang/Desktop/cg_enu_yaw_landing_setpoints/devel/.private/offboard/lib/liboffboard_lib.so[0m
[ 71%] Built target offboard_lib
[35m[1mScanning dependencies of target offboard_node[0m
[ 85%] [32mBuilding CXX object CMakeFiles/offboard_node.dir/src/offboard_node.cpp.o[0m
[100%] [32m[1mLinking CXX executable /home/giang/Desktop/cg_enu_yaw_landing_setpoints/devel/.private/offboard/lib/offboard/offboard_node[0m
[100%] Built target offboard_node
