In file included from [01m[K/home/giang/Desktop/cg_enu_yaw_landing_setpoints/src/offboard/src/offboard_lib.cpp:1[m[K:
[01m[K/home/giang/Desktop/cg_enu_yaw_landing_setpoints/src/offboard/include/offboard/offboard.h:109:50:[m[K [01;31m[Kerror: [m[Kexpected identifier before numeric constant
  109 |  std::vector<geometry_msgs::PoseStamped> targets([01;31m[K5[m[K);
      |                                                  [01;31m[K^[m[K
[01m[K/home/giang/Desktop/cg_enu_yaw_landing_setpoints/src/offboard/include/offboard/offboard.h:109:50:[m[K [01;31m[Kerror: [m[Kexpected ‘[01m[K,[m[K’ or ‘[01m[K...[m[K’ before numeric constant
[01m[K/home/giang/Desktop/cg_enu_yaw_landing_setpoints/src/offboard/src/offboard_lib.cpp:[m[K In member function ‘[01m[Kvoid OffboardControl::inputENUYawAndLandingSetpoint()[m[K’:
[01m[K/home/giang/Desktop/cg_enu_yaw_landing_setpoints/src/offboard/src/offboard_lib.cpp:199:13:[m[K [01;31m[Kerror: [m[Kinvalid use of member function ‘[01m[Kstd::vector<geometry_msgs::PoseStamped_<std::allocator<void> > > OffboardControl::targets(int)[m[K’ (did you forget the ‘[01m[K()[m[K’ ?)
  199 |             [01;31m[Ktargets[m[K.push_back(point_to_push);
      |             [01;31m[K^~~~~~~[m[K
[01m[K/home/giang/Desktop/cg_enu_yaw_landing_setpoints/src/offboard/src/offboard_lib.cpp:203:60:[m[K [01;31m[Kerror: [m[Kinvalid types ‘[01m[K<unresolved overloaded function type>[int][m[K’ for array subscript
  203 |             std::cout << "Target " << i <<": " << targets[i[01;31m[K][m[K.pose.position.x << ", " << targets[i].pose.position.y << ", " << targets[i].pose.position.z << std::endl;
      |                                                            [01;31m[K^[m[K
[01m[K/home/giang/Desktop/cg_enu_yaw_landing_setpoints/src/offboard/src/offboard_lib.cpp:203:98:[m[K [01;31m[Kerror: [m[Kinvalid types ‘[01m[K<unresolved overloaded function type>[int][m[K’ for array subscript
  203 |             std::cout << "Target " << i <<": " << targets[i].pose.position.x << ", " << targets[i[01;31m[K][m[K.pose.position.y << ", " << targets[i].pose.position.z << std::endl;
      |                                                                                                  [01;31m[K^[m[K
[01m[K/home/giang/Desktop/cg_enu_yaw_landing_setpoints/src/offboard/src/offboard_lib.cpp:203:136:[m[K [01;31m[Kerror: [m[Kinvalid types ‘[01m[K<unresolved overloaded function type>[int][m[K’ for array subscript
  203 |             std::cout << "Target " << i <<": " << targets[i].pose.position.x << ", " << targets[i].pose.position.y << ", " << targets[i[01;31m[K][m[K.pose.position.z << std::endl;
      |                                                                                                                                        [01;31m[K^[m[K
make[2]: *** [CMakeFiles/offboard_lib.dir/build.make:63: CMakeFiles/offboard_lib.dir/src/offboard_lib.cpp.o] Error 1
make[1]: *** [CMakeFiles/Makefile2:461: CMakeFiles/offboard_lib.dir/all] Error 2
make: *** [Makefile:141: all] Error 2
