[35m[1mScanning dependencies of target offboard_lib[0m
[  0%] Built target std_msgs_generate_messages_cpp
[ 15%] Built target setmode_offb
[ 15%] Built target std_msgs_generate_messages_py
[ 15%] Built target geometry_msgs_generate_messages_cpp
[ 15%] Built target std_msgs_generate_messages_nodejs
[ 15%] Built target _offboard_generate_messages_check_deps_FlatTarget
[ 23%] [32mBuilding CXX object CMakeFiles/offboard_lib.dir/src/offboard_lib.cpp.o[0m
[ 23%] Built target geometry_msgs_generate_messages_nodejs
[ 23%] Built target geometry_msgs_generate_messages_py
[ 23%] Built target std_msgs_generate_messages_lisp
[ 23%] Built target geometry_msgs_generate_messages_lisp
[ 23%] Built target std_msgs_generate_messages_eus
[ 23%] Built target geometry_msgs_generate_messages_eus
[ 30%] Built target offboard_generate_messages_cpp
[ 38%] Built target offboard_generate_messages_lisp
[ 53%] Built target offboard_generate_messages_eus
[ 61%] Built target offboard_generate_messages_nodejs
[ 76%] Built target offboard_generate_messages_py
[ 76%] Built target offboard_generate_messages
[ 84%] [32m[1mLinking CXX shared library /home/giang/Desktop/cg_enu_yaw_landing_setpoints/devel/.private/offboard/lib/liboffboard_lib.so[0m
[ 84%] Built target offboard_lib
[35m[1mScanning dependencies of target offboard_node[0m
[ 92%] [32mBuilding CXX object CMakeFiles/offboard_node.dir/src/offboard_node.cpp.o[0m
[100%] [32m[1mLinking CXX executable /home/giang/Desktop/cg_enu_yaw_landing_setpoints/devel/.private/offboard/lib/offboard/offboard_node[0m
[100%] Built target offboard_node
