[ 15%] Built target setmode_offb
[ 15%] Built target std_msgs_generate_messages_cpp
[ 15%] Built target geometry_msgs_generate_messages_cpp
[ 30%] Built target offboard_lib
[ 30%] Built target geometry_msgs_generate_messages_py
[ 30%] Built target std_msgs_generate_messages_py
[ 30%] Built target std_msgs_generate_messages_nodejs
[ 30%] Built target geometry_msgs_generate_messages_nodejs
[ 30%] Built target _offboard_generate_messages_check_deps_FlatTarget
[ 30%] Built target geometry_msgs_generate_messages_eus
[ 30%] Built target geometry_msgs_generate_messages_lisp
[ 30%] Built target std_msgs_generate_messages_lisp
[ 30%] Built target std_msgs_generate_messages_eus
[ 46%] Built target offboard_node
[ 61%] Built target offboard_generate_messages_py
[ 69%] Built target offboard_generate_messages_cpp
[ 76%] Built target offboard_generate_messages_nodejs
[ 84%] Built target offboard_generate_messages_lisp
[100%] Built target offboard_generate_messages_eus
[100%] Built target offboard_generate_messages
