Linked: (/home/giang/Desktop/cg_enu_yaw_landing_setpoints/devel/.private/offboard/share/offboard/cmake/offboardConfig-version.cmake, /home/giang/Desktop/cg_enu_yaw_landing_setpoints/devel/share/offboard/cmake/offboardConfig-version.cmake)
Linked: (/home/giang/Desktop/cg_enu_yaw_landing_setpoints/devel/.private/offboard/share/offboard/cmake/offboardConfig.cmake, /home/giang/Desktop/cg_enu_yaw_landing_setpoints/devel/share/offboard/cmake/offboardConfig.cmake)
Linked: (/home/giang/Desktop/cg_enu_yaw_landing_setpoints/devel/.private/offboard/share/offboard/cmake/offboard-msg-paths.cmake, /home/giang/Desktop/cg_enu_yaw_landing_setpoints/devel/share/offboard/cmake/offboard-msg-paths.cmake)
Linked: (/home/giang/Desktop/cg_enu_yaw_landing_setpoints/devel/.private/offboard/share/offboard/cmake/offboard-msg-extras.cmake, /home/giang/Desktop/cg_enu_yaw_landing_setpoints/devel/share/offboard/cmake/offboard-msg-extras.cmake)
Linked: (/home/giang/Desktop/cg_enu_yaw_landing_setpoints/devel/.private/offboard/share/roseus/ros/offboard/manifest.l, /home/giang/Desktop/cg_enu_yaw_landing_setpoints/devel/share/roseus/ros/offboard/manifest.l)
Linked: (/home/giang/Desktop/cg_enu_yaw_landing_setpoints/devel/.private/offboard/share/roseus/ros/offboard/msg/FlatTarget.l, /home/giang/Desktop/cg_enu_yaw_landing_setpoints/devel/share/roseus/ros/offboard/msg/FlatTarget.l)
Linked: (/home/giang/Desktop/cg_enu_yaw_landing_setpoints/devel/.private/offboard/share/gennodejs/ros/offboard/_index.js, /home/giang/Desktop/cg_enu_yaw_landing_setpoints/devel/share/gennodejs/ros/offboard/_index.js)
Linked: (/home/giang/Desktop/cg_enu_yaw_landing_setpoints/devel/.private/offboard/share/gennodejs/ros/offboard/msg/_index.js, /home/giang/Desktop/cg_enu_yaw_landing_setpoints/devel/share/gennodejs/ros/offboard/msg/_index.js)
Linked: (/home/giang/Desktop/cg_enu_yaw_landing_setpoints/devel/.private/offboard/share/gennodejs/ros/offboard/msg/FlatTarget.js, /home/giang/Desktop/cg_enu_yaw_landing_setpoints/devel/share/gennodejs/ros/offboard/msg/FlatTarget.js)
Linked: (/home/giang/Desktop/cg_enu_yaw_landing_setpoints/devel/.private/offboard/share/common-lisp/ros/offboard/msg/_package_FlatTarget.lisp, /home/giang/Desktop/cg_enu_yaw_landing_setpoints/devel/share/common-lisp/ros/offboard/msg/_package_FlatTarget.lisp)
Linked: (/home/giang/Desktop/cg_enu_yaw_landing_setpoints/devel/.private/offboard/share/common-lisp/ros/offboard/msg/FlatTarget.lisp, /home/giang/Desktop/cg_enu_yaw_landing_setpoints/devel/share/common-lisp/ros/offboard/msg/FlatTarget.lisp)
Linked: (/home/giang/Desktop/cg_enu_yaw_landing_setpoints/devel/.private/offboard/share/common-lisp/ros/offboard/msg/_package.lisp, /home/giang/Desktop/cg_enu_yaw_landing_setpoints/devel/share/common-lisp/ros/offboard/msg/_package.lisp)
Linked: (/home/giang/Desktop/cg_enu_yaw_landing_setpoints/devel/.private/offboard/share/common-lisp/ros/offboard/msg/offboard-msg.asd, /home/giang/Desktop/cg_enu_yaw_landing_setpoints/devel/share/common-lisp/ros/offboard/msg/offboard-msg.asd)
Linked: (/home/giang/Desktop/cg_enu_yaw_landing_setpoints/devel/.private/offboard/include/offboard/FlatTarget.h, /home/giang/Desktop/cg_enu_yaw_landing_setpoints/devel/include/offboard/FlatTarget.h)
Linked: (/home/giang/Desktop/cg_enu_yaw_landing_setpoints/devel/.private/offboard/lib/liboffboard_lib.so, /home/giang/Desktop/cg_enu_yaw_landing_setpoints/devel/lib/liboffboard_lib.so)
Linked: (/home/giang/Desktop/cg_enu_yaw_landing_setpoints/devel/.private/offboard/lib/offboard/offboard_node, /home/giang/Desktop/cg_enu_yaw_landing_setpoints/devel/lib/offboard/offboard_node)
Linked: (/home/giang/Desktop/cg_enu_yaw_landing_setpoints/devel/.private/offboard/lib/offboard/setmode_offb, /home/giang/Desktop/cg_enu_yaw_landing_setpoints/devel/lib/offboard/setmode_offb)
Linked: (/home/giang/Desktop/cg_enu_yaw_landing_setpoints/devel/.private/offboard/lib/offboard/real_cam.py, /home/giang/Desktop/cg_enu_yaw_landing_setpoints/devel/lib/offboard/real_cam.py)
Linked: (/home/giang/Desktop/cg_enu_yaw_landing_setpoints/devel/.private/offboard/lib/offboard/cmake.lock, /home/giang/Desktop/cg_enu_yaw_landing_setpoints/devel/lib/offboard/cmake.lock)
Linked: (/home/giang/Desktop/cg_enu_yaw_landing_setpoints/devel/.private/offboard/lib/offboard/transform.py, /home/giang/Desktop/cg_enu_yaw_landing_setpoints/devel/lib/offboard/transform.py)
Linked: (/home/giang/Desktop/cg_enu_yaw_landing_setpoints/devel/.private/offboard/lib/offboard/MarkerDetection.py, /home/giang/Desktop/cg_enu_yaw_landing_setpoints/devel/lib/offboard/MarkerDetection.py)
Linked: (/home/giang/Desktop/cg_enu_yaw_landing_setpoints/devel/.private/offboard/lib/pkgconfig/offboard.pc, /home/giang/Desktop/cg_enu_yaw_landing_setpoints/devel/lib/pkgconfig/offboard.pc)
Linked: (/home/giang/Desktop/cg_enu_yaw_landing_setpoints/devel/.private/offboard/lib/python3/dist-packages/offboard/__init__.py, /home/giang/Desktop/cg_enu_yaw_landing_setpoints/devel/lib/python3/dist-packages/offboard/__init__.py)
Linked: (/home/giang/Desktop/cg_enu_yaw_landing_setpoints/devel/.private/offboard/lib/python3/dist-packages/offboard/msg/__init__.py, /home/giang/Desktop/cg_enu_yaw_landing_setpoints/devel/lib/python3/dist-packages/offboard/msg/__init__.py)
Linked: (/home/giang/Desktop/cg_enu_yaw_landing_setpoints/devel/.private/offboard/lib/python3/dist-packages/offboard/msg/_FlatTarget.py, /home/giang/Desktop/cg_enu_yaw_landing_setpoints/devel/lib/python3/dist-packages/offboard/msg/_FlatTarget.py)
